2026-03-12 15:16:37 | INFO     | TraceID: dbf5cc03 | [api.py:49] | Context:UserRequest | Отримано команду: 'зламайся' для string
2026-03-12 15:16:37 | ERROR    | TraceID: dbf5cc03 | [api.py:34] | Context:API_Error | Необроблена помилка API: Критичний збій бази даних! (Тест для Sentry)
Traceback (most recent call last):
  File "C:\Users\serhii\AppData\Local\Programs\Python\Python311\Lib\site-packages\starlette\middleware\errors.py", line 164, in __call__
    await self.app(scope, receive, _send)
  File "C:\Users\serhii\AppData\Local\Programs\Python\Python311\Lib\site-packages\sentry_sdk\integrations\starlette.py", line 164, in _create_span_call
    return await old_call(app, scope, receive, send, **kwargs)
           ^^^^^^^^^^^^^^^^^^^^^^^^^^^^^^^^^^^^^^^^^^^^^^^^^^^
  File "C:\Users\serhii\AppData\Local\Programs\Python\Python311\Lib\site-packages\starlette\middleware\base.py", line 191, in __call__
    with recv_stream, send_stream, collapse_excgroups():
  File "C:\Users\serhii\AppData\Local\Programs\Python\Python311\Lib\contextlib.py", line 158, in __exit__
    self.gen.throw(typ, value, traceback)
  File "C:\Users\serhii\AppData\Local\Programs\Python\Python311\Lib\site-packages\starlette\_utils.py", line 87, in collapse_excgroups
    raise exc
  File "C:\Users\serhii\AppData\Local\Programs\Python\Python311\Lib\site-packages\starlette\middleware\base.py", line 193, in __call__
    response = await self.dispatch_func(request, call_next)
               ^^^^^^^^^^^^^^^^^^^^^^^^^^^^^^^^^^^^^^^^^^^^
  File "C:\Users\serhii\PycharmProjects\Tom_and_Jerry\api.py", line 21, in add_trace_id_middleware
    response = await call_next(request)
               ^^^^^^^^^^^^^^^^^^^^^^^^
  File "C:\Users\serhii\AppData\Local\Programs\Python\Python311\Lib\site-packages\starlette\middleware\base.py", line 168, in call_next
    raise app_exc from app_exc.__cause__ or app_exc.__context__
  File "C:\Users\serhii\AppData\Local\Programs\Python\Python311\Lib\site-packages\starlette\middleware\base.py", line 144, in coro
    await self.app(scope, receive_or_disconnect, send_no_error)
  File "C:\Users\serhii\AppData\Local\Programs\Python\Python311\Lib\site-packages\sentry_sdk\integrations\starlette.py", line 303, in _sentry_exceptionmiddleware_call
    await old_call(self, scope, receive, send)
  File "C:\Users\serhii\AppData\Local\Programs\Python\Python311\Lib\site-packages\sentry_sdk\integrations\starlette.py", line 164, in _create_span_call
    return await old_call(app, scope, receive, send, **kwargs)
           ^^^^^^^^^^^^^^^^^^^^^^^^^^^^^^^^^^^^^^^^^^^^^^^^^^^
  File "C:\Users\serhii\AppData\Local\Programs\Python\Python311\Lib\site-packages\starlette\middleware\exceptions.py", line 63, in __call__
    await wrap_app_handling_exceptions(self.app, conn)(scope, receive, send)
  File "C:\Users\serhii\AppData\Local\Programs\Python\Python311\Lib\site-packages\starlette\_exception_handler.py", line 53, in wrapped_app
    raise exc
  File "C:\Users\serhii\AppData\Local\Programs\Python\Python311\Lib\site-packages\starlette\_exception_handler.py", line 42, in wrapped_app
    await app(scope, receive, sender)
  File "C:\Users\serhii\AppData\Local\Programs\Python\Python311\Lib\site-packages\sentry_sdk\integrations\starlette.py", line 164, in _create_span_call
    return await old_call(app, scope, receive, send, **kwargs)
           ^^^^^^^^^^^^^^^^^^^^^^^^^^^^^^^^^^^^^^^^^^^^^^^^^^^
  File "C:\Users\serhii\AppData\Local\Programs\Python\Python311\Lib\site-packages\fastapi\middleware\asyncexitstack.py", line 18, in __call__
    await self.app(scope, receive, send)
  File "C:\Users\serhii\AppData\Local\Programs\Python\Python311\Lib\site-packages\starlette\routing.py", line 716, in __call__
    await self.middleware_stack(scope, receive, send)
  File "C:\Users\serhii\AppData\Local\Programs\Python\Python311\Lib\site-packages\starlette\routing.py", line 736, in app
    await route.handle(scope, receive, send)
  File "C:\Users\serhii\AppData\Local\Programs\Python\Python311\Lib\site-packages\starlette\routing.py", line 290, in handle
    await self.app(scope, receive, send)
  File "C:\Users\serhii\AppData\Local\Programs\Python\Python311\Lib\site-packages\fastapi\routing.py", line 130, in app
    await wrap_app_handling_exceptions(app, request)(scope, receive, send)
  File "C:\Users\serhii\AppData\Local\Programs\Python\Python311\Lib\site-packages\starlette\_exception_handler.py", line 53, in wrapped_app
    raise exc
  File "C:\Users\serhii\AppData\Local\Programs\Python\Python311\Lib\site-packages\starlette\_exception_handler.py", line 42, in wrapped_app
    await app(scope, receive, sender)
  File "C:\Users\serhii\AppData\Local\Programs\Python\Python311\Lib\site-packages\fastapi\routing.py", line 116, in app
    response = await f(request)
               ^^^^^^^^^^^^^^^^
  File "C:\Users\serhii\AppData\Local\Programs\Python\Python311\Lib\site-packages\sentry_sdk\integrations\fastapi.py", line 132, in _sentry_app
    return await old_app(*args, **kwargs)
           ^^^^^^^^^^^^^^^^^^^^^^^^^^^^^^
  File "C:\Users\serhii\AppData\Local\Programs\Python\Python311\Lib\site-packages\fastapi\routing.py", line 670, in app
    raw_response = await run_endpoint_function(
                   ^^^^^^^^^^^^^^^^^^^^^^^^^^^^
  File "C:\Users\serhii\AppData\Local\Programs\Python\Python311\Lib\site-packages\fastapi\routing.py", line 324, in run_endpoint_function
    return await dependant.call(**values)
           ^^^^^^^^^^^^^^^^^^^^^^^^^^^^^^
  File "C:\Users\serhii\PycharmProjects\Tom_and_Jerry\api.py", line 53, in execute_command
    raise ValueError("Критичний збій бази даних! (Тест для Sentry)")
ValueError: Критичний збій бази даних! (Тест для Sentry)
2026-03-12 15:28:50 | WARNING  | TraceID: 4b565ee8 | [api.py:47] | Context:404_Error | Спроба доступу до неіснуючої сторінки: /test
2026-03-12 15:28:50 | INFO     | TraceID: 4b565ee8 | [api.py:34] | Context:HTTP_Traffic | HTTP GET /test | Status: 404 | Time: 3.00ms
2026-03-12 15:28:50 | WARNING  | TraceID: 29d7c4f8 | [api.py:47] | Context:404_Error | Спроба доступу до неіснуючої сторінки: /favicon.ico
2026-03-12 15:28:50 | INFO     | TraceID: 29d7c4f8 | [api.py:34] | Context:HTTP_Traffic | HTTP GET /favicon.ico | Status: 404 | Time: 2.00ms
2026-03-12 15:58:28 | INFO     | TraceID: SYSTEM | [tts.py:46] | Context:TTS | Озвучення: Асистент Том і Джері активовано.
2026-03-12 15:58:36 | INFO     | TraceID: SYSTEM | [tts.py:46] | Context:TTS | Озвучення: Асистент Том і Джері активовано.
2026-03-12 15:59:28 | INFO     | TraceID: d2fcf85b | [api.py:25] | Context:HTTP_Traffic | HTTP GET /docs | Status: 200 | Time: 0.00ms
2026-03-12 15:59:28 | INFO     | TraceID: 2b4fc58a | [api.py:25] | Context:HTTP_Traffic | HTTP GET /openapi.json | Status: 200 | Time: 10.52ms
2026-03-12 15:59:40 | INFO     | TraceID: 77ed8e59 | [api.py:61] | Context:UserRequest | Отримано команду: 'привіт' для string
2026-03-12 15:59:40 | INFO     | TraceID: 77ed8e59 | [api.py:25] | Context:HTTP_Traffic | HTTP POST /execute | Status: 200 | Time: 110.92ms
2026-03-12 15:59:50 | INFO     | TraceID: 86ee728c | [api.py:61] | Context:UserRequest | Отримано команду: 'привіт' для string
2026-03-12 15:59:51 | INFO     | TraceID: 86ee728c | [api.py:25] | Context:HTTP_Traffic | HTTP POST /execute | Status: 200 | Time: 103.25ms
2026-03-12 15:59:51 | INFO     | TraceID: 59befba4 | [api.py:61] | Context:UserRequest | Отримано команду: 'привіт' для string
2026-03-12 15:59:51 | INFO     | TraceID: 59befba4 | [api.py:25] | Context:HTTP_Traffic | HTTP POST /execute | Status: 200 | Time: 102.67ms
2026-03-12 16:09:52 | INFO     | TraceID: ec262d8e | [api.py:61] | Context:UserRequest | Отримано команду: 'як справи' для string
2026-03-12 16:09:52 | INFO     | TraceID: ec262d8e | [api.py:25] | Context:HTTP_Traffic | HTTP POST /execute | Status: 200 | Time: 103.73ms
2026-03-12 16:09:58 | INFO     | TraceID: 6d81e889 | [api.py:61] | Context:UserRequest | Отримано команду: 'як день пройшов' для string
2026-03-12 16:09:59 | INFO     | TraceID: 6d81e889 | [api.py:25] | Context:HTTP_Traffic | HTTP POST /execute | Status: 200 | Time: 104.04ms
2026-03-12 16:10:10 | INFO     | TraceID: 7e0742eb | [api.py:61] | Context:UserRequest | Отримано команду: 'як тобі погода' для string
2026-03-12 16:10:11 | INFO     | TraceID: 7e0742eb | [api.py:25] | Context:HTTP_Traffic | HTTP POST /execute | Status: 200 | Time: 102.71ms
2026-03-12 16:10:23 | INFO     | TraceID: 1fa619ea | [api.py:61] | Context:UserRequest | Отримано команду: 'які плани' для string
2026-03-12 16:10:23 | INFO     | TraceID: 1fa619ea | [api.py:25] | Context:HTTP_Traffic | HTTP POST /execute | Status: 200 | Time: 102.63ms
2026-03-12 16:17:18 | INFO     | TraceID: SYSTEM | [tts.py:46] | Context:TTS | Озвучення: Привіт.
2026-03-12 16:17:22 | INFO     | TraceID: SYSTEM | [tts.py:46] | Context:TTS | Озвучення: Асистент Том і Джері готовий до роботи та чекає на ваші команди.
2026-03-12 16:17:32 | INFO     | TraceID: SYSTEM | [tts.py:46] | Context:TTS | Озвучення: Голосові асистенти стали невід'ємною частиною сучасного світу. Вони допомагають швидко знаходити інформацію, керувати комп'ютером та оптимізувати щоденні рутинні завдання абсолютно без використання клавіатури чи миші.
2026-03-12 16:21:08 | INFO     | TraceID: eecb479a | [api.py:25] | Context:HTTP_Traffic | HTTP GET /docs | Status: 200 | Time: 0.00ms
2026-03-12 16:21:08 | INFO     | TraceID: bdfac3cc | [api.py:25] | Context:HTTP_Traffic | HTTP GET /openapi.json | Status: 200 | Time: 6.80ms
2026-03-12 16:21:16 | INFO     | TraceID: ad9afdca | [api.py:61] | Context:UserRequest | Отримано команду: 'Привіт' для string
2026-03-12 16:21:16 | INFO     | TraceID: ad9afdca | [api.py:25] | Context:HTTP_Traffic | HTTP POST /execute | Status: 200 | Time: 108.56ms
2026-03-12 16:21:22 | INFO     | TraceID: e1315232 | [api.py:61] | Context:UserRequest | Отримано команду: 'Як справи' для string
2026-03-12 16:21:22 | INFO     | TraceID: e1315232 | [api.py:25] | Context:HTTP_Traffic | HTTP POST /execute | Status: 200 | Time: 112.51ms
2026-03-12 16:21:30 | INFO     | TraceID: be2d1db5 | [api.py:61] | Context:UserRequest | Отримано команду: 'Як день пройшов' для string
2026-03-12 16:21:30 | INFO     | TraceID: be2d1db5 | [api.py:25] | Context:HTTP_Traffic | HTTP POST /execute | Status: 200 | Time: 102.53ms
2026-03-12 16:21:43 | INFO     | TraceID: d13edb66 | [api.py:61] | Context:UserRequest | Отримано команду: 'Які плани?' для string
2026-03-12 16:21:43 | INFO     | TraceID: d13edb66 | [api.py:25] | Context:HTTP_Traffic | HTTP POST /execute | Status: 200 | Time: 102.82ms
2026-03-12 16:21:54 | INFO     | TraceID: d11a08ef | [api.py:61] | Context:UserRequest | Отримано команду: 'Що робив?' для string
2026-03-12 16:21:54 | INFO     | TraceID: d11a08ef | [api.py:25] | Context:HTTP_Traffic | HTTP POST /execute | Status: 200 | Time: 103.24ms
